<?xml version="1.0" encoding="UTF-8"?>
<!-- Generated by org.testng.reporters.JUnitReportReporter -->
<testsuite skipped="0" hostname="Udani-PC" name="groundlabspac.TestNgPractise" tests="3" failures="0" timestamp="14 Nov 2018 14:39:32 GMT" time="11.526" errors="0">
  <testcase name="usernamepw" time="4.372" classname="groundlabspac.TestNgPractise"/>
  <testcase name="usernamepw" time="3.679" classname="groundlabspac.TestNgPractise"/>
  <testcase name="usernamepw" time="3.475" classname="groundlabspac.TestNgPractise"/>
</testsuite> <!-- groundlabspac.TestNgPractise -->
