<?xml version="1.0" encoding="UTF-8"?>
<!-- Generated by org.testng.reporters.JUnitReportReporter -->
<testsuite skipped="0" hostname="Udani-PC" name="groundlabspac.TestClass1" tests="1" failures="0" timestamp="13 Nov 2018 15:47:05 GMT" time="5.621" errors="0">
  <testcase name="Test2" time="5.621" classname="groundlabspac.TestClass1"/>
</testsuite> <!-- groundlabspac.TestClass1 -->
